<?xml version="1.0" encoding="UTF-8"?>
<testng-results ignored="0" total="1" passed="1" failed="0" skipped="0">
  <reporter-output>
  </reporter-output>
  <suite started-at="2025-05-03T11:36:01 IST" name="Default suite" finished-at="2025-05-03T11:36:31 IST" duration-ms="30189">
    <groups>
    </groups>
    <test started-at="2025-05-03T11:36:01 IST" name="Default test" finished-at="2025-05-03T11:36:31 IST" duration-ms="30189">
      <class name="Home.IphoneCheckout">
        <test-method signature="CheckOutTest()[pri:0, instance:Home.IphoneCheckout@1a677343]" started-at="2025-05-03T11:36:01 IST" name="CheckOutTest" finished-at="2025-05-03T11:36:31 IST" duration-ms="30155" status="PASS">
          <reporter-output>
          </reporter-output>
        </test-method> <!-- CheckOutTest -->
      </class> <!-- Home.IphoneCheckout -->
    </test> <!-- Default test -->
  </suite> <!-- Default suite -->
</testng-results>
